<?xml version="1.0" encoding="UTF-8"?>
<!-- Generated by org.testng.reporters.JUnitReportReporter -->
<testsuite skipped="0" hostname="LAPTOP-BILN7TIR" name="AutomationTestHub.Maven.AppiumTest" tests="2" failures="0" timestamp="2022-06-15T20:48:19 IST" time="0.000" errors="0">
  <testcase name="getPOSTData" time="0.000" classname="AutomationTestHub.Maven.AppiumTest"/>
  <system-out/>
  <testcase name="deleteTwitter" time="0.000" classname="AutomationTestHub.Maven.AppiumTest"/>
  <system-out/>
</testsuite> <!-- AutomationTestHub.Maven.AppiumTest -->
