<?xml version="1.0" encoding="UTF-8"?>
<!-- Generated by org.testng.reporters.JUnitReportReporter -->
<testsuite skipped="0" hostname="LAPTOP-BILN7TIR" name="AutomationTestHub.Maven.SeleniumTest" tests="2" failures="0" timestamp="2022-06-15T21:05:50 IST" time="0.006" errors="0">
  <testcase name="browserLogin" time="0.001" classname="AutomationTestHub.Maven.SeleniumTest"/>
  <system-out/>
  <testcase name="browserLogOut" time="0.005" classname="AutomationTestHub.Maven.SeleniumTest"/>
  <system-out/>
</testsuite> <!-- AutomationTestHub.Maven.SeleniumTest -->
