<?xml version="1.0" encoding="UTF-8"?>
<!-- Generated by org.testng.reporters.JUnitReportReporter -->
<testsuite skipped="0" hostname="LAPTOP-BILN7TIR" name="AutomationTestHub.Maven.APITest" tests="2" failures="0" timestamp="2022-06-15T20:48:19 IST" time="0.005" errors="0">
  <testcase name="xyz" time="0.000" classname="AutomationTestHub.Maven.APITest"/>
  <system-out/>
  <testcase name="abc" time="0.005" classname="AutomationTestHub.Maven.APITest"/>
  <system-out/>
</testsuite> <!-- AutomationTestHub.Maven.APITest -->
